/home/yhussein/conda-envs/lightmunet/lib/python3.10/site-packages/monai/utils/module.py:396: UserWarning: pkg_resources is deprecated as an API. See https://setuptools.pypa.io/en/latest/pkg_resources.html. The pkg_resources package is slated for removal as early as 2025-11-30. Refrain from using this package or pin to Setuptools<81.
  pkg = __import__(module)  # top level module
Traceback (most recent call last):
  File "/home/yhussein/conda-envs/lightmunet/bin/nnUNetv2_train", line 6, in <module>
    sys.exit(run_training_entry())
  File "/gpfs/home1/yhussein/LightM-UNet/lightm-unet/nnunetv2/run/run_training.py", line 268, in run_training_entry
    run_training(args.dataset_name_or_id, args.configuration, args.fold, args.tr, args.p, args.pretrained_weights,
  File "/gpfs/home1/yhussein/LightM-UNet/lightm-unet/nnunetv2/run/run_training.py", line 204, in run_training
    nnunet_trainer.run_training()
  File "/gpfs/home1/yhussein/LightM-UNet/lightm-unet/nnunetv2/training/nnUNetTrainer/nnUNetTrainer.py", line 1258, in run_training
    train_outputs.append(self.train_step(next(self.dataloader_train)))
  File "/gpfs/home1/yhussein/LightM-UNet/lightm-unet/nnunetv2/training/nnUNetTrainer/nnUNetTrainerLightMUNet.py", line 62, in train_step
    output = self.network(data)
  File "/home/yhussein/conda-envs/lightmunet/lib/python3.10/site-packages/torch/nn/modules/module.py", line 1501, in _call_impl
    return forward_call(*args, **kwargs)
  File "/gpfs/home1/yhussein/LightM-UNet/lightm-unet/nnunetv2/nets/LightMUNet.py", line 286, in forward
    x = self.decode(x, down_x)
  File "/gpfs/home1/yhussein/LightM-UNet/lightm-unet/nnunetv2/nets/LightMUNet.py", line 276, in decode
    x = upl(x)
  File "/home/yhussein/conda-envs/lightmunet/lib/python3.10/site-packages/torch/nn/modules/module.py", line 1501, in _call_impl
    return forward_call(*args, **kwargs)
  File "/home/yhussein/conda-envs/lightmunet/lib/python3.10/site-packages/torch/nn/modules/container.py", line 217, in forward
    input = module(input)
  File "/home/yhussein/conda-envs/lightmunet/lib/python3.10/site-packages/torch/nn/modules/module.py", line 1501, in _call_impl
    return forward_call(*args, **kwargs)
  File "/gpfs/home1/yhussein/LightM-UNet/lightm-unet/nnunetv2/nets/LightMUNet.py", line 156, in forward
    x = self.conv(x) + self.skip_scale * identity
torch.cuda.OutOfMemoryError: CUDA out of memory. Tried to allocate 192.00 MiB (GPU 0; 39.49 GiB total capacity; 38.71 GiB already allocated; 191.25 MiB free; 38.79 GiB reserved in total by PyTorch) If reserved memory is >> allocated memory try setting max_split_size_mb to avoid fragmentation.  See documentation for Memory Management and PYTORCH_CUDA_ALLOC_CONF
Exception in thread Thread-4 (results_loop):
Traceback (most recent call last):
  File "/home/yhussein/conda-envs/lightmunet/lib/python3.10/threading.py", line 1016, in _bootstrap_inner
    self.run()
  File "/home/yhussein/conda-envs/lightmunet/lib/python3.10/threading.py", line 953, in run
    self._target(*self._args, **self._kwargs)
  File "/home/yhussein/conda-envs/lightmunet/lib/python3.10/site-packages/batchgenerators/dataloading/nondet_multi_threaded_augmenter.py", line 131, in results_loop
    raise e
  File "/home/yhussein/conda-envs/lightmunet/lib/python3.10/site-packages/batchgenerators/dataloading/nondet_multi_threaded_augmenter.py", line 109, in results_loop
    raise RuntimeError("One or more background workers are no longer alive. Exiting. Please check the "
RuntimeError: One or more background workers are no longer alive. Exiting. Please check the print statements above for the actual error message
