=== Job info ===
Host: gcn25.local.snellius.surf.nl
Date: Sat May 30 14:04:36 CEST 2026
Working dir: /home/yhussein/LightM-UNet/lightm-unet
Conda env: /home/yhussein/conda-envs/lightmunet
=== GPU info ===
Sat May 30 14:04:36 2026       
+-----------------------------------------------------------------------------------------+
| NVIDIA-SMI 595.71.05              Driver Version: 595.71.05      CUDA Version: 13.2     |
+-----------------------------------------+------------------------+----------------------+
| GPU  Name                 Persistence-M | Bus-Id          Disp.A | Volatile Uncorr. ECC |
| Fan  Temp   Perf          Pwr:Usage/Cap |           Memory-Usage | GPU-Util  Compute M. |
|                                         |                        |               MIG M. |
|=========================================+========================+======================|
|   0  NVIDIA A100-SXM4-40GB          On  |   00000000:32:00.0 Off |                    0 |
| N/A   31C    P0             50W /  400W |       0MiB /  40960MiB |      0%      Default |
|                                         |                        |             Disabled |
+-----------------------------------------+------------------------+----------------------+

+-----------------------------------------------------------------------------------------+
| Processes:                                                                              |
|  GPU   GI   CI              PID   Type   Process name                        GPU Memory |
|        ID   ID                                                               Usage      |
|=========================================================================================|
|  No running processes found                                                             |
+-----------------------------------------------------------------------------------------+
GPU: NVIDIA A100-SXM4-40GB
=== Python/CUDA environment check ===
/home/yhussein/conda-envs/lightmunet/bin/python
Python 3.10.20
/home/yhussein/conda-envs/lightmunet/bin/nvcc
nvcc: NVIDIA (R) Cuda compiler driver
Copyright (c) 2005-2026 NVIDIA Corporation
Built on Thu_Mar_19_11:12:51_PM_PDT_2026
Cuda compilation tools, release 13.2, V13.2.78
Build cuda_13.2.r13.2/compiler.37668154_0
torch: 2.0.1+cu118
torch CUDA: 11.8
CUDA available: True
GPU: NVIDIA A100-SXM4-40GB
numpy: 1.26.4
transformers: 4.35.2
cv2: 4.9.0
mamba_ssm OK
nnunetv2 OK
=== nnU-Net paths ===
nnUNet_raw=/home/yhussein/LightM-UNet/data/nnUNet_raw
nnUNet_preprocessed=/home/yhussein/LightM-UNet/data/nnUNet_preprocessed
nnUNet_results=/home/yhussein/LightM-UNet/data/nnUNet_results
=== Dataset check ===
dataset.json
imagesTr
imagesTs
labelsTr
labelsTs
splits_final.json
dataset.json
dataset_fingerprint.json
gt_segmentations
nnUNetPlans.json
nnUNetPlans_2d
splits_final.json
=== Ensure official split is present ===
=== Plan check ===
patch_size: [512, 512]
batch_size: 8
median_image_size_in_voxels: [512.0, 512.0]
=== Start LightM-UNet training ===
Using device: cuda:0

#######################################################################
Please cite the following paper when using nnU-Net:
Isensee, F., Jaeger, P. F., Kohl, S. A., Petersen, J., & Maier-Hein, K. H. (2021). nnU-Net: a self-configuring method for deep learning-based biomedical image segmentation. Nature methods, 18(2), 203-211.
#######################################################################


This is the configuration used by this training:
Configuration name: 2d
 {'data_identifier': 'nnUNetPlans_2d', 'preprocessor_name': 'DefaultPreprocessor', 'batch_size': 8, 'patch_size': [512, 512], 'median_image_size_in_voxels': [512.0, 512.0], 'spacing': [1.0, 1.0], 'normalization_schemes': ['ZScoreNormalization'], 'use_mask_for_norm': [False], 'UNet_class_name': 'PlainConvUNet', 'UNet_base_num_features': 32, 'n_conv_per_stage_encoder': [2, 2, 2, 2, 2, 2, 2, 2], 'n_conv_per_stage_decoder': [2, 2, 2, 2, 2, 2, 2], 'num_pool_per_axis': [7, 7], 'pool_op_kernel_sizes': [[1, 1], [2, 2], [2, 2], [2, 2], [2, 2], [2, 2], [2, 2], [2, 2]], 'conv_kernel_sizes': [[3, 3], [3, 3], [3, 3], [3, 3], [3, 3], [3, 3], [3, 3], [3, 3]], 'unet_max_num_features': 512, 'resampling_fn_data': 'resample_data_or_seg_to_shape', 'resampling_fn_seg': 'resample_data_or_seg_to_shape', 'resampling_fn_data_kwargs': {'is_seg': False, 'order': 3, 'order_z': 0, 'force_separate_z': None}, 'resampling_fn_seg_kwargs': {'is_seg': True, 'order': 1, 'order_z': 0, 'force_separate_z': None}, 'resampling_fn_probabilities': 'resample_data_or_seg_to_shape', 'resampling_fn_probabilities_kwargs': {'is_seg': False, 'order': 1, 'order_z': 0, 'force_separate_z': None}, 'batch_dice': True} 

These are the global plan.json settings:
 {'dataset_name': 'Dataset501_ARCADE', 'plans_name': 'nnUNetPlans', 'original_median_spacing_after_transp': [999.0, 1.0, 1.0], 'original_median_shape_after_transp': [1, 512, 512], 'image_reader_writer': 'NaturalImage2DIO', 'transpose_forward': [0, 1, 2], 'transpose_backward': [0, 1, 2], 'experiment_planner_used': 'ExperimentPlanner', 'label_manager': 'LabelManager', 'foreground_intensity_properties_per_channel': {'0': {'max': 255.0, 'mean': 98.67886352539062, 'median': 96.0, 'min': 0.0, 'percentile_00_5': 32.0, 'percentile_99_5': 186.0, 'std': 31.84078025817871}}} 

2026-05-30 14:04:53.882309: unpacking dataset...
2026-05-30 14:04:58.597857: unpacking done...
2026-05-30 14:04:58.599137: do_dummy_2d_data_aug: False
2026-05-30 14:04:58.605222: Using splits from existing split file: /gpfs/home1/yhussein/LightM-UNet/data/nnUNet_preprocessed/Dataset501_ARCADE/splits_final.json
2026-05-30 14:04:58.605726: The split file contains 1 splits.
2026-05-30 14:04:58.605795: Desired fold for training: 0
2026-05-30 14:04:58.605846: This split has 1000 training and 200 validation cases.
2026-05-30 14:04:58.644644: Unable to plot network architecture:
2026-05-30 14:04:58.644781: No module named 'IPython'
2026-05-30 14:04:58.663716: 
2026-05-30 14:04:58.663836: Epoch 100
2026-05-30 14:04:58.663963: Current learning rate: 5e-05
using pin_memory on device 0
using pin_memory on device 0
2026-05-30 14:08:33.015034: train_loss -0.6725
2026-05-30 14:08:33.015351: val_loss -0.5055
2026-05-30 14:08:33.015473: Pseudo dice [0.6066, 0.7414, 0.5902]
2026-05-30 14:08:33.015579: Epoch time: 214.35 s
2026-05-30 14:08:34.274515: 
2026-05-30 14:08:34.274700: Epoch 101
2026-05-30 14:08:34.274818: Current learning rate: 5e-05
2026-05-30 14:12:06.095929: train_loss -0.6503
2026-05-30 14:12:06.096190: val_loss -0.6003
2026-05-30 14:12:06.096311: Pseudo dice [0.6634, 0.7995, 0.6935]
2026-05-30 14:12:06.096412: Epoch time: 211.82 s
2026-05-30 14:12:07.264869: 
2026-05-30 14:12:07.265063: Epoch 102
2026-05-30 14:12:07.265185: Current learning rate: 5e-05
2026-05-30 14:15:39.034570: train_loss -0.6636
2026-05-30 14:15:39.034830: val_loss -0.5942
2026-05-30 14:15:39.034966: Pseudo dice [0.6877, 0.7726, 0.7005]
2026-05-30 14:15:39.036930: Epoch time: 211.77 s
2026-05-30 14:15:40.204941: 
2026-05-30 14:15:40.205112: Epoch 103
2026-05-30 14:15:40.205236: Current learning rate: 5e-05
2026-05-30 14:19:11.836992: train_loss -0.6752
2026-05-30 14:19:11.838172: val_loss -0.6087
2026-05-30 14:19:11.838295: Pseudo dice [0.6776, 0.7893, 0.709]
2026-05-30 14:19:11.838394: Epoch time: 211.63 s
2026-05-30 14:19:13.008143: 
2026-05-30 14:19:13.009318: Epoch 104
2026-05-30 14:19:13.009457: Current learning rate: 5e-05
2026-05-30 14:22:44.809102: train_loss -0.6702
2026-05-30 14:22:44.810385: val_loss -0.6061
2026-05-30 14:22:44.810505: Pseudo dice [0.6868, 0.7947, 0.6763]
2026-05-30 14:22:44.810606: Epoch time: 211.8 s
2026-05-30 14:22:45.976460: 
2026-05-30 14:22:45.977597: Epoch 105
2026-05-30 14:22:45.977730: Current learning rate: 5e-05
2026-05-30 14:26:17.622414: train_loss -0.6701
2026-05-30 14:26:17.623865: val_loss -0.5927
2026-05-30 14:26:17.623981: Pseudo dice [0.6768, 0.7943, 0.671]
2026-05-30 14:26:17.624076: Epoch time: 211.65 s
2026-05-30 14:26:18.783124: 
2026-05-30 14:26:18.785475: Epoch 106
2026-05-30 14:26:18.785595: Current learning rate: 5e-05
2026-05-30 14:29:50.346961: train_loss -0.6839
2026-05-30 14:29:50.348164: val_loss -0.6051
2026-05-30 14:29:50.348289: Pseudo dice [0.6707, 0.7998, 0.6908]
2026-05-30 14:29:50.348382: Epoch time: 211.56 s
2026-05-30 14:29:51.509466: 
2026-05-30 14:29:51.510602: Epoch 107
2026-05-30 14:29:51.510716: Current learning rate: 5e-05
2026-05-30 14:33:23.065980: train_loss -0.6681
2026-05-30 14:33:23.068387: val_loss -0.6056
2026-05-30 14:33:23.068507: Pseudo dice [0.6819, 0.7827, 0.7008]
2026-05-30 14:33:23.068607: Epoch time: 211.56 s
2026-05-30 14:33:24.228586: 
2026-05-30 14:33:24.231227: Epoch 108
2026-05-30 14:33:24.231360: Current learning rate: 5e-05
2026-05-30 14:36:56.002439: train_loss -0.6848
2026-05-30 14:36:56.003896: val_loss -0.6135
2026-05-30 14:36:56.004023: Pseudo dice [0.6886, 0.7907, 0.6931]
2026-05-30 14:36:56.004123: Epoch time: 211.77 s
2026-05-30 14:36:57.168422: 
2026-05-30 14:36:57.169648: Epoch 109
2026-05-30 14:36:57.169781: Current learning rate: 5e-05
2026-05-30 14:40:29.089378: train_loss -0.6867
2026-05-30 14:40:29.090819: val_loss -0.6279
2026-05-30 14:40:29.090952: Pseudo dice [0.6915, 0.7969, 0.7129]
2026-05-30 14:40:29.091058: Epoch time: 211.92 s
2026-05-30 14:40:30.249709: 
2026-05-30 14:40:30.251101: Epoch 110
2026-05-30 14:40:30.251237: Current learning rate: 5e-05
2026-05-30 14:44:02.045952: train_loss -0.6889
2026-05-30 14:44:02.047280: val_loss -0.5933
2026-05-30 14:44:02.047409: Pseudo dice [0.6929, 0.799, 0.6858]
2026-05-30 14:44:02.047511: Epoch time: 211.8 s
2026-05-30 14:44:03.348372: 
2026-05-30 14:44:03.350125: Epoch 111
2026-05-30 14:44:03.350335: Current learning rate: 5e-05
2026-05-30 14:47:35.154719: train_loss -0.6761
2026-05-30 14:47:35.156314: val_loss -0.6019
2026-05-30 14:47:35.156441: Pseudo dice [0.686, 0.7827, 0.6949]
2026-05-30 14:47:35.156541: Epoch time: 211.81 s
2026-05-30 14:47:36.318443: 
2026-05-30 14:47:36.319631: Epoch 112
2026-05-30 14:47:36.319763: Current learning rate: 5e-05
2026-05-30 14:51:08.537906: train_loss -0.6778
2026-05-30 14:51:08.539356: val_loss -0.6299
2026-05-30 14:51:08.539480: Pseudo dice [0.6888, 0.7932, 0.7172]
2026-05-30 14:51:08.539579: Epoch time: 212.22 s
2026-05-30 14:51:09.703121: 
2026-05-30 14:51:09.704367: Epoch 113
2026-05-30 14:51:09.704494: Current learning rate: 5e-05
2026-05-30 14:54:41.470586: train_loss -0.686
2026-05-30 14:54:41.472047: val_loss -0.6064
2026-05-30 14:54:41.472176: Pseudo dice [0.6794, 0.7924, 0.6826]
2026-05-30 14:54:41.472288: Epoch time: 211.77 s
2026-05-30 14:54:42.816357: 
2026-05-30 14:54:42.817380: Epoch 114
2026-05-30 14:54:42.817513: Current learning rate: 5e-05
2026-05-30 14:58:14.619127: train_loss -0.6877
2026-05-30 14:58:14.621412: val_loss -0.6363
2026-05-30 14:58:14.621539: Pseudo dice [0.6836, 0.8176, 0.7144]
2026-05-30 14:58:14.621642: Epoch time: 211.8 s
2026-05-30 14:58:15.784079: 
2026-05-30 14:58:15.787829: Epoch 115
2026-05-30 14:58:15.787976: Current learning rate: 5e-05
2026-05-30 15:01:47.963432: train_loss -0.7061
2026-05-30 15:01:47.964658: val_loss -0.651
2026-05-30 15:01:47.964792: Pseudo dice [0.7044, 0.8141, 0.7117]
2026-05-30 15:01:47.966193: Epoch time: 212.18 s
2026-05-30 15:01:49.142115: 
2026-05-30 15:01:49.143229: Epoch 116
2026-05-30 15:01:49.143364: Current learning rate: 5e-05
2026-05-30 15:05:20.945076: train_loss -0.6777
2026-05-30 15:05:20.946343: val_loss -0.6302
2026-05-30 15:05:20.946472: Pseudo dice [0.6856, 0.7981, 0.7019]
2026-05-30 15:05:20.946573: Epoch time: 211.8 s
2026-05-30 15:05:22.127508: 
2026-05-30 15:05:22.128608: Epoch 117
2026-05-30 15:05:22.128782: Current learning rate: 5e-05
2026-05-30 15:08:53.928993: train_loss -0.6941
2026-05-30 15:08:53.930717: val_loss -0.6286
2026-05-30 15:08:53.930848: Pseudo dice [0.6962, 0.7927, 0.7218]
2026-05-30 15:08:53.930954: Epoch time: 211.8 s
2026-05-30 15:08:55.237530: 
2026-05-30 15:08:55.238732: Epoch 118
2026-05-30 15:08:55.238863: Current learning rate: 4e-05
2026-05-30 15:12:27.095125: train_loss -0.6897
2026-05-30 15:12:27.096459: val_loss -0.607
2026-05-30 15:12:27.096586: Pseudo dice [0.6873, 0.7996, 0.6854]
2026-05-30 15:12:27.096688: Epoch time: 211.86 s
2026-05-30 15:12:28.269282: 
2026-05-30 15:12:28.270324: Epoch 119
2026-05-30 15:12:28.270454: Current learning rate: 4e-05
2026-05-30 15:16:00.218861: train_loss -0.6962
2026-05-30 15:16:00.223022: val_loss -0.5986
2026-05-30 15:16:00.223148: Pseudo dice [0.6833, 0.7918, 0.6654]
2026-05-30 15:16:00.223255: Epoch time: 211.95 s
2026-05-30 15:16:01.396340: 
2026-05-30 15:16:01.397375: Epoch 120
2026-05-30 15:16:01.397508: Current learning rate: 4e-05
2026-05-30 15:19:33.244017: train_loss -0.6911
2026-05-30 15:19:33.248816: val_loss -0.6204
2026-05-30 15:19:33.248966: Pseudo dice [0.675, 0.7933, 0.7042]
2026-05-30 15:19:33.249071: Epoch time: 211.85 s
2026-05-30 15:19:34.546818: 
2026-05-30 15:19:34.547904: Epoch 121
2026-05-30 15:19:34.548090: Current learning rate: 4e-05
2026-05-30 15:23:06.352638: train_loss -0.6894
2026-05-30 15:23:06.353918: val_loss -0.6263
2026-05-30 15:23:06.354045: Pseudo dice [0.6822, 0.8017, 0.718]
2026-05-30 15:23:06.354149: Epoch time: 211.81 s
2026-05-30 15:23:07.535260: 
2026-05-30 15:23:07.536528: Epoch 122
2026-05-30 15:23:07.536704: Current learning rate: 4e-05
2026-05-30 15:26:39.500861: train_loss -0.7084
2026-05-30 15:26:39.502319: val_loss -0.6162
2026-05-30 15:26:39.502482: Pseudo dice [0.6776, 0.7866, 0.6984]
2026-05-30 15:26:39.502591: Epoch time: 211.97 s
2026-05-30 15:26:40.679105: 
2026-05-30 15:26:40.680287: Epoch 123
2026-05-30 15:26:40.680426: Current learning rate: 4e-05
2026-05-30 15:30:12.482904: train_loss -0.6976
2026-05-30 15:30:12.484448: val_loss -0.5856
2026-05-30 15:30:12.484575: Pseudo dice [0.664, 0.7876, 0.6926]
2026-05-30 15:30:12.484677: Epoch time: 211.8 s
2026-05-30 15:30:13.817512: 
2026-05-30 15:30:13.819606: Epoch 124
2026-05-30 15:30:13.819735: Current learning rate: 4e-05
2026-05-30 15:33:45.651913: train_loss -0.6978
2026-05-30 15:33:45.653125: val_loss -0.6084
2026-05-30 15:33:45.653257: Pseudo dice [0.6837, 0.7979, 0.6891]
2026-05-30 15:33:45.653358: Epoch time: 211.84 s
2026-05-30 15:33:46.829850: 
2026-05-30 15:33:46.830843: Epoch 125
2026-05-30 15:33:46.831053: Current learning rate: 4e-05
2026-05-30 15:37:18.743157: train_loss -0.6958
2026-05-30 15:37:18.744708: val_loss -0.6012
2026-05-30 15:37:18.744832: Pseudo dice [0.6874, 0.785, 0.6831]
2026-05-30 15:37:18.744931: Epoch time: 211.91 s
2026-05-30 15:37:19.918312: 
2026-05-30 15:37:19.919612: Epoch 126
2026-05-30 15:37:19.919770: Current learning rate: 4e-05
2026-05-30 15:40:51.750997: train_loss -0.7146
2026-05-30 15:40:51.752289: val_loss -0.6283
2026-05-30 15:40:51.752417: Pseudo dice [0.6956, 0.7954, 0.7024]
2026-05-30 15:40:51.752515: Epoch time: 211.83 s
2026-05-30 15:40:53.069598: 
2026-05-30 15:40:53.070816: Epoch 127
2026-05-30 15:40:53.070945: Current learning rate: 4e-05
2026-05-30 15:44:24.890204: train_loss -0.706
2026-05-30 15:44:24.891490: val_loss -0.5754
2026-05-30 15:44:24.891619: Pseudo dice [0.6868, 0.8101, 0.6548]
2026-05-30 15:44:24.891724: Epoch time: 211.82 s
2026-05-30 15:44:26.123293: 
2026-05-30 15:44:26.124473: Epoch 128
2026-05-30 15:44:26.124604: Current learning rate: 4e-05
2026-05-30 15:47:57.926470: train_loss -0.7008
2026-05-30 15:47:57.927767: val_loss -0.6326
2026-05-30 15:47:57.927893: Pseudo dice [0.7068, 0.8043, 0.6969]
2026-05-30 15:47:57.927987: Epoch time: 211.8 s
2026-05-30 15:47:59.102747: 
2026-05-30 15:47:59.103858: Epoch 129
2026-05-30 15:47:59.103990: Current learning rate: 4e-05
2026-05-30 15:51:30.928856: train_loss -0.7031
2026-05-30 15:51:30.930107: val_loss -0.6231
2026-05-30 15:51:30.930240: Pseudo dice [0.6949, 0.8025, 0.7068]
2026-05-30 15:51:30.930341: Epoch time: 211.83 s
2026-05-30 15:51:32.294649: 
2026-05-30 15:51:32.295687: Epoch 130
2026-05-30 15:51:32.295822: Current learning rate: 4e-05
2026-05-30 15:55:04.119016: train_loss -0.6958
2026-05-30 15:55:04.120488: val_loss -0.5819
2026-05-30 15:55:04.120615: Pseudo dice [0.6707, 0.786, 0.6663]
2026-05-30 15:55:04.120713: Epoch time: 211.83 s
2026-05-30 15:55:05.337900: 
2026-05-30 15:55:05.339155: Epoch 131
2026-05-30 15:55:05.339291: Current learning rate: 4e-05
2026-05-30 15:58:37.281169: train_loss -0.7
2026-05-30 15:58:37.282419: val_loss -0.6261
2026-05-30 15:58:37.282543: Pseudo dice [0.6944, 0.799, 0.718]
2026-05-30 15:58:37.282641: Epoch time: 211.94 s
2026-05-30 15:58:38.451122: 
2026-05-30 15:58:38.452201: Epoch 132
2026-05-30 15:58:38.452340: Current learning rate: 4e-05
2026-05-30 16:02:10.228956: train_loss -0.7092
2026-05-30 16:02:10.230681: val_loss -0.6006
2026-05-30 16:02:10.230800: Pseudo dice [0.684, 0.7967, 0.6903]
2026-05-30 16:02:10.230902: Epoch time: 211.78 s
2026-05-30 16:02:11.406056: 
2026-05-30 16:02:11.407256: Epoch 133
2026-05-30 16:02:11.407392: Current learning rate: 4e-05
2026-05-30 16:05:43.416950: train_loss -0.705
2026-05-30 16:05:43.420001: val_loss -0.5983
2026-05-30 16:05:43.420131: Pseudo dice [0.6627, 0.8013, 0.6413]
2026-05-30 16:05:43.420263: Epoch time: 212.01 s
2026-05-30 16:05:44.592358: 
2026-05-30 16:05:44.593698: Epoch 134
2026-05-30 16:05:44.593830: Current learning rate: 4e-05
2026-05-30 16:09:16.464520: train_loss -0.713
2026-05-30 16:09:16.465838: val_loss -0.6456
2026-05-30 16:09:16.465959: Pseudo dice [0.6823, 0.8022, 0.7375]
2026-05-30 16:09:16.466055: Epoch time: 211.87 s
2026-05-30 16:09:17.646717: 
2026-05-30 16:09:17.647874: Epoch 135
2026-05-30 16:09:17.648006: Current learning rate: 4e-05
2026-05-30 16:12:49.515354: train_loss -0.707
2026-05-30 16:12:49.516785: val_loss -0.6471
2026-05-30 16:12:49.516910: Pseudo dice [0.7115, 0.8013, 0.7422]
2026-05-30 16:12:49.517018: Epoch time: 211.87 s
2026-05-30 16:12:50.842964: 
2026-05-30 16:12:50.844434: Epoch 136
2026-05-30 16:12:50.844638: Current learning rate: 4e-05
2026-05-30 16:16:22.672613: train_loss -0.71
2026-05-30 16:16:22.674191: val_loss -0.622
2026-05-30 16:16:22.674319: Pseudo dice [0.7106, 0.8013, 0.6799]
2026-05-30 16:16:22.674419: Epoch time: 211.83 s
2026-05-30 16:16:23.853258: 
2026-05-30 16:16:23.854365: Epoch 137
2026-05-30 16:16:23.854500: Current learning rate: 4e-05
2026-05-30 16:19:55.636091: train_loss -0.6985
2026-05-30 16:19:55.637448: val_loss -0.6204
2026-05-30 16:19:55.637569: Pseudo dice [0.6783, 0.7974, 0.7286]
2026-05-30 16:19:55.637662: Epoch time: 211.78 s
2026-05-30 16:19:56.818981: 
2026-05-30 16:19:56.820050: Epoch 138
2026-05-30 16:19:56.820182: Current learning rate: 3e-05
2026-05-30 16:23:28.607546: train_loss -0.7191
2026-05-30 16:23:28.609032: val_loss -0.6188
2026-05-30 16:23:28.609169: Pseudo dice [0.6815, 0.7824, 0.6991]
2026-05-30 16:23:28.609286: Epoch time: 211.79 s
2026-05-30 16:23:29.825728: 
2026-05-30 16:23:29.827389: Epoch 139
2026-05-30 16:23:29.827518: Current learning rate: 3e-05
2026-05-30 16:27:01.625431: train_loss -0.7155
2026-05-30 16:27:01.626746: val_loss -0.6133
2026-05-30 16:27:01.626869: Pseudo dice [0.6704, 0.8092, 0.6802]
2026-05-30 16:27:01.626969: Epoch time: 211.8 s
2026-05-30 16:27:02.807487: 
2026-05-30 16:27:02.812650: Epoch 140
2026-05-30 16:27:02.812801: Current learning rate: 3e-05
2026-05-30 16:30:34.618239: train_loss -0.7144
2026-05-30 16:30:34.620068: val_loss -0.5904
2026-05-30 16:30:34.620236: Pseudo dice [0.6679, 0.802, 0.6842]
2026-05-30 16:30:34.620356: Epoch time: 211.81 s
2026-05-30 16:30:35.807913: 
2026-05-30 16:30:35.809118: Epoch 141
2026-05-30 16:30:35.809275: Current learning rate: 3e-05
2026-05-30 16:34:07.611689: train_loss -0.7242
2026-05-30 16:34:07.613229: val_loss -0.6299
2026-05-30 16:34:07.613375: Pseudo dice [0.6813, 0.7944, 0.7195]
2026-05-30 16:34:07.613500: Epoch time: 211.8 s
2026-05-30 16:34:08.824641: 
2026-05-30 16:34:08.825928: Epoch 142
2026-05-30 16:34:08.826084: Current learning rate: 3e-05
2026-05-30 16:37:40.687094: train_loss -0.7282
2026-05-30 16:37:40.688999: val_loss -0.5479
2026-05-30 16:37:40.689146: Pseudo dice [0.6589, 0.7685, 0.6243]
2026-05-30 16:37:40.689274: Epoch time: 211.86 s
2026-05-30 16:37:41.940476: 
2026-05-30 16:37:41.941730: Epoch 143
2026-05-30 16:37:41.941880: Current learning rate: 3e-05
2026-05-30 16:41:13.797503: train_loss -0.7212
2026-05-30 16:41:13.799233: val_loss -0.6048
2026-05-30 16:41:13.799374: Pseudo dice [0.6824, 0.7767, 0.6915]
2026-05-30 16:41:13.799493: Epoch time: 211.86 s
2026-05-30 16:41:14.986763: 
2026-05-30 16:41:14.988014: Epoch 144
2026-05-30 16:41:14.988167: Current learning rate: 3e-05
2026-05-30 16:44:46.803544: train_loss -0.7346
2026-05-30 16:44:46.817142: val_loss -0.6071
2026-05-30 16:44:46.817292: Pseudo dice [0.685, 0.7924, 0.7024]
2026-05-30 16:44:46.817410: Epoch time: 211.82 s
2026-05-30 16:44:47.998322: 
2026-05-30 16:44:47.999664: Epoch 145
2026-05-30 16:44:47.999811: Current learning rate: 3e-05
2026-05-30 16:48:19.948184: train_loss -0.7174
2026-05-30 16:48:19.949706: val_loss -0.6098
2026-05-30 16:48:19.949844: Pseudo dice [0.6768, 0.7899, 0.7122]
2026-05-30 16:48:19.949961: Epoch time: 211.95 s
2026-05-30 16:48:21.138855: 
2026-05-30 16:48:21.141607: Epoch 146
2026-05-30 16:48:21.141756: Current learning rate: 3e-05
2026-05-30 16:51:52.941137: train_loss -0.722
2026-05-30 16:51:52.942591: val_loss -0.6331
2026-05-30 16:51:52.942735: Pseudo dice [0.6914, 0.8095, 0.7268]
2026-05-30 16:51:52.942853: Epoch time: 211.8 s
2026-05-30 16:51:54.257718: 
2026-05-30 16:51:54.259472: Epoch 147
2026-05-30 16:51:54.259743: Current learning rate: 3e-05
2026-05-30 16:55:26.077374: train_loss -0.7213
2026-05-30 16:55:26.078874: val_loss -0.5957
2026-05-30 16:55:26.079026: Pseudo dice [0.6827, 0.785, 0.69]
2026-05-30 16:55:26.079149: Epoch time: 211.82 s
2026-05-30 16:55:27.274286: 
2026-05-30 16:55:27.275489: Epoch 148
2026-05-30 16:55:27.275641: Current learning rate: 3e-05
2026-05-30 16:58:59.087974: train_loss -0.7194
2026-05-30 16:58:59.089630: val_loss -0.6141
2026-05-30 16:58:59.089786: Pseudo dice [0.6942, 0.7949, 0.7131]
2026-05-30 16:58:59.089915: Epoch time: 211.81 s
2026-05-30 16:59:00.303253: 
2026-05-30 16:59:00.304723: Epoch 149
2026-05-30 16:59:00.308086: Current learning rate: 3e-05
2026-05-30 17:02:32.289433: train_loss -0.7322
2026-05-30 17:02:32.292492: val_loss -0.6199
2026-05-30 17:02:32.292640: Pseudo dice [0.6867, 0.802, 0.6913]
2026-05-30 17:02:32.292765: Epoch time: 211.99 s
2026-05-30 17:02:33.643643: 
2026-05-30 17:02:33.644847: Epoch 150
2026-05-30 17:02:33.644996: Current learning rate: 3e-05
2026-05-30 17:06:05.485416: train_loss -0.7399
2026-05-30 17:06:05.489114: val_loss -0.6191
2026-05-30 17:06:05.489316: Pseudo dice [0.6968, 0.8122, 0.6835]
2026-05-30 17:06:05.489455: Epoch time: 211.84 s
2026-05-30 17:06:06.729238: 
2026-05-30 17:06:06.730599: Epoch 151
2026-05-30 17:06:06.730755: Current learning rate: 3e-05
2026-05-30 17:09:38.530991: train_loss -0.7335
2026-05-30 17:09:38.533014: val_loss -0.63
2026-05-30 17:09:38.533165: Pseudo dice [0.6886, 0.8089, 0.7152]
2026-05-30 17:09:38.533298: Epoch time: 211.8 s
2026-05-30 17:09:39.726129: 
2026-05-30 17:09:39.727384: Epoch 152
2026-05-30 17:09:39.727536: Current learning rate: 3e-05
2026-05-30 17:13:11.909571: train_loss -0.7458
2026-05-30 17:13:11.911343: val_loss -0.6395
2026-05-30 17:13:11.911490: Pseudo dice [0.6972, 0.8045, 0.7123]
2026-05-30 17:13:11.911613: Epoch time: 212.18 s
2026-05-30 17:13:13.107133: 
2026-05-30 17:13:13.108413: Epoch 153
2026-05-30 17:13:13.108567: Current learning rate: 3e-05
2026-05-30 17:16:45.093748: train_loss -0.7413
2026-05-30 17:16:45.095271: val_loss -0.6357
2026-05-30 17:16:45.095419: Pseudo dice [0.6979, 0.7937, 0.7197]
2026-05-30 17:16:45.095554: Epoch time: 211.99 s
2026-05-30 17:16:46.298162: 
2026-05-30 17:16:46.299366: Epoch 154
2026-05-30 17:16:46.299517: Current learning rate: 3e-05
2026-05-30 17:20:18.087748: train_loss -0.7487
2026-05-30 17:20:18.089286: val_loss -0.566
2026-05-30 17:20:18.089430: Pseudo dice [0.6668, 0.7812, 0.6558]
2026-05-30 17:20:18.089551: Epoch time: 211.79 s
2026-05-30 17:20:19.293953: 
2026-05-30 17:20:19.295235: Epoch 155
2026-05-30 17:20:19.295386: Current learning rate: 3e-05
2026-05-30 17:23:51.260176: train_loss -0.7387
2026-05-30 17:23:51.261779: val_loss -0.6052
2026-05-30 17:23:51.261924: Pseudo dice [0.6743, 0.7947, 0.6955]
2026-05-30 17:23:51.262047: Epoch time: 211.97 s
2026-05-30 17:23:52.586330: 
2026-05-30 17:23:52.588021: Epoch 156
2026-05-30 17:23:52.588274: Current learning rate: 3e-05
2026-05-30 17:27:24.405342: train_loss -0.7397
2026-05-30 17:27:24.406909: val_loss -0.6053
2026-05-30 17:27:24.407049: Pseudo dice [0.6867, 0.8104, 0.6788]
2026-05-30 17:27:24.407170: Epoch time: 211.82 s
2026-05-30 17:27:25.603953: 
2026-05-30 17:27:25.605330: Epoch 157
2026-05-30 17:27:25.605478: Current learning rate: 3e-05
2026-05-30 17:30:57.344580: train_loss -0.7384
2026-05-30 17:30:57.346537: val_loss -0.6015
2026-05-30 17:30:57.346689: Pseudo dice [0.6859, 0.7866, 0.6994]
2026-05-30 17:30:57.346821: Epoch time: 211.74 s
2026-05-30 17:30:58.718419: 
2026-05-30 17:30:58.719976: Epoch 158
2026-05-30 17:30:58.720129: Current learning rate: 2e-05
2026-05-30 17:34:30.514080: train_loss -0.7301
2026-05-30 17:34:30.515876: val_loss -0.6187
2026-05-30 17:34:30.516021: Pseudo dice [0.6889, 0.8009, 0.7136]
2026-05-30 17:34:30.516140: Epoch time: 211.8 s
2026-05-30 17:34:31.724437: 
2026-05-30 17:34:31.725885: Epoch 159
2026-05-30 17:34:31.726034: Current learning rate: 2e-05
2026-05-30 17:38:03.661297: train_loss -0.7516
2026-05-30 17:38:03.663015: val_loss -0.6225
2026-05-30 17:38:03.663160: Pseudo dice [0.6778, 0.8087, 0.7196]
2026-05-30 17:38:03.663296: Epoch time: 211.94 s
2026-05-30 17:38:04.867351: 
2026-05-30 17:38:04.868563: Epoch 160
2026-05-30 17:38:04.868717: Current learning rate: 2e-05
2026-05-30 17:41:36.712851: train_loss -0.7291
2026-05-30 17:41:36.716673: val_loss -0.6203
2026-05-30 17:41:36.716818: Pseudo dice [0.6862, 0.8074, 0.7034]
2026-05-30 17:41:36.716943: Epoch time: 211.85 s
2026-05-30 17:41:38.067942: 
2026-05-30 17:41:38.069309: Epoch 161
2026-05-30 17:41:38.069453: Current learning rate: 2e-05
2026-05-30 17:45:09.898563: train_loss -0.7375
2026-05-30 17:45:09.900747: val_loss -0.6081
2026-05-30 17:45:09.900892: Pseudo dice [0.6792, 0.8104, 0.6817]
2026-05-30 17:45:09.901015: Epoch time: 211.83 s
2026-05-30 17:45:11.106269: 
2026-05-30 17:45:11.107696: Epoch 162
2026-05-30 17:45:11.107847: Current learning rate: 2e-05
2026-05-30 17:48:43.123271: train_loss -0.7473
2026-05-30 17:48:43.125326: val_loss -0.6231
2026-05-30 17:48:43.125526: Pseudo dice [0.7092, 0.7978, 0.7096]
2026-05-30 17:48:43.125691: Epoch time: 212.02 s
2026-05-30 17:48:44.375104: 
2026-05-30 17:48:44.377050: Epoch 163
2026-05-30 17:48:44.377216: Current learning rate: 2e-05
2026-05-30 17:52:16.185483: train_loss -0.7388
2026-05-30 17:52:16.187118: val_loss -0.6101
2026-05-30 17:52:16.187264: Pseudo dice [0.6813, 0.8052, 0.6927]
2026-05-30 17:52:16.187385: Epoch time: 211.81 s
2026-05-30 17:52:17.390680: 
2026-05-30 17:52:17.392129: Epoch 164
2026-05-30 17:52:17.392354: Current learning rate: 2e-05
2026-05-30 17:55:49.231144: train_loss -0.7508
2026-05-30 17:55:49.232689: val_loss -0.6292
2026-05-30 17:55:49.232835: Pseudo dice [0.6826, 0.8118, 0.7058]
2026-05-30 17:55:49.232954: Epoch time: 211.84 s
2026-05-30 17:55:50.415874: 
2026-05-30 17:55:50.417156: Epoch 165
2026-05-30 17:55:50.417318: Current learning rate: 2e-05
2026-05-30 17:59:22.279774: train_loss -0.7397
2026-05-30 17:59:22.282814: val_loss -0.6122
2026-05-30 17:59:22.282975: Pseudo dice [0.6947, 0.7948, 0.6963]
2026-05-30 17:59:22.283111: Epoch time: 211.87 s
2026-05-30 17:59:23.486021: 
2026-05-30 17:59:23.487415: Epoch 166
2026-05-30 17:59:23.487617: Current learning rate: 2e-05
2026-05-30 18:02:55.300450: train_loss -0.754
2026-05-30 18:02:55.305395: val_loss -0.6292
2026-05-30 18:02:55.305550: Pseudo dice [0.6971, 0.8127, 0.6965]
2026-05-30 18:02:55.305678: Epoch time: 211.82 s
2026-05-30 18:02:56.620513: 
2026-05-30 18:02:56.621789: Epoch 167
2026-05-30 18:02:56.621940: Current learning rate: 2e-05
2026-05-30 18:06:28.456865: train_loss -0.7355
2026-05-30 18:06:28.458381: val_loss -0.6172
2026-05-30 18:06:28.458529: Pseudo dice [0.6962, 0.7999, 0.6802]
2026-05-30 18:06:28.458648: Epoch time: 211.84 s
2026-05-30 18:06:29.644875: 
2026-05-30 18:06:29.646108: Epoch 168
2026-05-30 18:06:29.646266: Current learning rate: 2e-05
2026-05-30 18:10:01.607990: train_loss -0.7492
2026-05-30 18:10:01.615215: val_loss -0.6336
2026-05-30 18:10:01.615361: Pseudo dice [0.6983, 0.8071, 0.7264]
2026-05-30 18:10:01.615476: Epoch time: 211.96 s
2026-05-30 18:10:01.615572: Yayy! New best EMA pseudo Dice: 0.7306
2026-05-30 18:10:02.948283: 
2026-05-30 18:10:02.965018: Epoch 169
2026-05-30 18:10:02.965193: Current learning rate: 2e-05
2026-05-30 18:13:34.776829: train_loss -0.7419
2026-05-30 18:13:34.778705: val_loss -0.6109
2026-05-30 18:13:34.778857: Pseudo dice [0.6908, 0.8123, 0.7116]
2026-05-30 18:13:34.778977: Epoch time: 211.83 s
2026-05-30 18:13:34.779073: Yayy! New best EMA pseudo Dice: 0.7313
2026-05-30 18:13:36.109011: 
2026-05-30 18:13:36.110197: Epoch 170
2026-05-30 18:13:36.110347: Current learning rate: 2e-05
2026-05-30 18:17:07.920188: train_loss -0.7519
2026-05-30 18:17:07.923316: val_loss -0.6057
2026-05-30 18:17:07.923472: Pseudo dice [0.6917, 0.7928, 0.6936]
2026-05-30 18:17:07.923595: Epoch time: 211.81 s
2026-05-30 18:17:09.131123: 
2026-05-30 18:17:09.132705: Epoch 171
2026-05-30 18:17:09.132895: Current learning rate: 2e-05
2026-05-30 18:20:40.879164: train_loss -0.7483
2026-05-30 18:20:40.880723: val_loss -0.6454
2026-05-30 18:20:40.880864: Pseudo dice [0.6942, 0.8139, 0.7139]
2026-05-30 18:20:40.880984: Epoch time: 211.75 s
2026-05-30 18:20:40.881078: Yayy! New best EMA pseudo Dice: 0.7318
2026-05-30 18:20:42.349056: 
2026-05-30 18:20:42.350286: Epoch 172
2026-05-30 18:20:42.350430: Current learning rate: 2e-05
2026-05-30 18:24:14.144273: train_loss -0.7502
2026-05-30 18:24:14.146011: val_loss -0.6147
2026-05-30 18:24:14.146158: Pseudo dice [0.6999, 0.8031, 0.6976]
2026-05-30 18:24:14.146291: Epoch time: 211.8 s
2026-05-30 18:24:14.146390: Yayy! New best EMA pseudo Dice: 0.732
2026-05-30 18:24:15.481477: 
2026-05-30 18:24:15.482977: Epoch 173
2026-05-30 18:24:15.483127: Current learning rate: 2e-05
2026-05-30 18:27:47.461297: train_loss -0.7557
2026-05-30 18:27:47.466058: val_loss -0.6331
2026-05-30 18:27:47.466227: Pseudo dice [0.6932, 0.8183, 0.7146]
2026-05-30 18:27:47.466360: Epoch time: 211.98 s
2026-05-30 18:27:47.466815: Yayy! New best EMA pseudo Dice: 0.733
2026-05-30 18:27:48.829470: 
2026-05-30 18:27:48.831110: Epoch 174
2026-05-30 18:27:48.831362: Current learning rate: 2e-05
2026-05-30 18:31:20.646694: train_loss -0.7464
2026-05-30 18:31:20.648124: val_loss -0.6343
2026-05-30 18:31:20.648274: Pseudo dice [0.7073, 0.8122, 0.7014]
2026-05-30 18:31:20.648397: Epoch time: 211.82 s
2026-05-30 18:31:20.648492: Yayy! New best EMA pseudo Dice: 0.7337
2026-05-30 18:31:21.975622: 
2026-05-30 18:31:21.976978: Epoch 175
2026-05-30 18:31:21.977125: Current learning rate: 2e-05
2026-05-30 18:34:53.949508: train_loss -0.7627
2026-05-30 18:34:53.951290: val_loss -0.6178
2026-05-30 18:34:53.951442: Pseudo dice [0.6834, 0.814, 0.6804]
2026-05-30 18:34:53.951564: Epoch time: 211.98 s
2026-05-30 18:34:55.144861: 
2026-05-30 18:34:55.146049: Epoch 176
2026-05-30 18:34:55.146202: Current learning rate: 1e-05
2026-05-30 18:38:26.966719: train_loss -0.7608
2026-05-30 18:38:26.970536: val_loss -0.6205
2026-05-30 18:38:26.970684: Pseudo dice [0.695, 0.7949, 0.6803]
2026-05-30 18:38:26.970806: Epoch time: 211.82 s
2026-05-30 18:38:28.164152: 
2026-05-30 18:38:28.165493: Epoch 177
2026-05-30 18:38:28.165651: Current learning rate: 1e-05
2026-05-30 18:42:00.005360: train_loss -0.7544
2026-05-30 18:42:00.006959: val_loss -0.6018
2026-05-30 18:42:00.007105: Pseudo dice [0.6875, 0.7934, 0.6892]
2026-05-30 18:42:00.007232: Epoch time: 211.84 s
2026-05-30 18:42:01.195190: 
2026-05-30 18:42:01.196450: Epoch 178
2026-05-30 18:42:01.196604: Current learning rate: 1e-05
2026-05-30 18:45:33.010468: train_loss -0.7515
2026-05-30 18:45:33.012957: val_loss -0.6222
2026-05-30 18:45:33.013153: Pseudo dice [0.6885, 0.8054, 0.6949]
2026-05-30 18:45:33.013315: Epoch time: 211.82 s
2026-05-30 18:45:34.256453: 
2026-05-30 18:45:34.257762: Epoch 179
2026-05-30 18:45:34.257924: Current learning rate: 1e-05
2026-05-30 18:49:06.045168: train_loss -0.7653
2026-05-30 18:49:06.046691: val_loss -0.5863
2026-05-30 18:49:06.046835: Pseudo dice [0.7018, 0.7793, 0.675]
2026-05-30 18:49:06.046957: Epoch time: 211.79 s
2026-05-30 18:49:07.228693: 
2026-05-30 18:49:07.229879: Epoch 180
2026-05-30 18:49:07.230027: Current learning rate: 1e-05
2026-05-30 18:52:38.979314: train_loss -0.7471
2026-05-30 18:52:38.980817: val_loss -0.6298
2026-05-30 18:52:38.980962: Pseudo dice [0.7041, 0.8186, 0.6922]
2026-05-30 18:52:38.981081: Epoch time: 211.75 s
2026-05-30 18:52:40.165415: 
2026-05-30 18:52:40.166730: Epoch 181
2026-05-30 18:52:40.166881: Current learning rate: 1e-05
2026-05-30 18:56:11.939485: train_loss -0.7555
2026-05-30 18:56:11.941131: val_loss -0.6025
2026-05-30 18:56:11.941281: Pseudo dice [0.6877, 0.8063, 0.7051]
2026-05-30 18:56:11.941404: Epoch time: 211.78 s
2026-05-30 18:56:13.123945: 
2026-05-30 18:56:13.125154: Epoch 182
2026-05-30 18:56:13.125312: Current learning rate: 1e-05
2026-05-30 18:59:44.882313: train_loss -0.762
2026-05-30 18:59:44.883917: val_loss -0.6306
2026-05-30 18:59:44.884062: Pseudo dice [0.6905, 0.8162, 0.7068]
2026-05-30 18:59:44.884185: Epoch time: 211.76 s
2026-05-30 18:59:46.062589: 
2026-05-30 18:59:46.063640: Epoch 183
2026-05-30 18:59:46.063789: Current learning rate: 1e-05
2026-05-30 19:03:17.827962: train_loss -0.7623
2026-05-30 19:03:17.830478: val_loss -0.6133
2026-05-30 19:03:17.830686: Pseudo dice [0.6836, 0.8115, 0.7208]
2026-05-30 19:03:17.830832: Epoch time: 211.77 s
2026-05-30 19:03:19.153992: 
2026-05-30 19:03:19.155392: Epoch 184
2026-05-30 19:03:19.155542: Current learning rate: 1e-05
2026-05-30 19:06:50.903648: train_loss -0.7625
2026-05-30 19:06:50.905379: val_loss -0.6218
2026-05-30 19:06:50.905521: Pseudo dice [0.6932, 0.8078, 0.7151]
2026-05-30 19:06:50.905640: Epoch time: 211.75 s
2026-05-30 19:06:52.213211: 
2026-05-30 19:06:52.213425: Epoch 185
2026-05-30 19:06:52.213571: Current learning rate: 1e-05
2026-05-30 19:10:24.014762: train_loss -0.761
2026-05-30 19:10:24.016601: val_loss -0.6357
2026-05-30 19:10:24.016725: Pseudo dice [0.6948, 0.8162, 0.716]
2026-05-30 19:10:24.016826: Epoch time: 211.8 s
2026-05-30 19:10:24.016902: Yayy! New best EMA pseudo Dice: 0.7338
2026-05-30 19:10:25.340976: 
2026-05-30 19:10:25.341153: Epoch 186
2026-05-30 19:10:25.341282: Current learning rate: 1e-05
2026-05-30 19:13:57.106939: train_loss -0.7656
2026-05-30 19:13:57.107230: val_loss -0.6082
2026-05-30 19:13:57.107345: Pseudo dice [0.6999, 0.7955, 0.6889]
2026-05-30 19:13:57.107440: Epoch time: 211.77 s
2026-05-30 19:13:58.299838: 
2026-05-30 19:13:58.300020: Epoch 187
2026-05-30 19:13:58.300139: Current learning rate: 1e-05
2026-05-30 19:17:30.106620: train_loss -0.7603
2026-05-30 19:17:30.106913: val_loss -0.6305
2026-05-30 19:17:30.107025: Pseudo dice [0.7076, 0.8102, 0.6999]
2026-05-30 19:17:30.107122: Epoch time: 211.81 s
2026-05-30 19:17:30.107199: Yayy! New best EMA pseudo Dice: 0.7339
2026-05-30 19:17:31.570736: 
2026-05-30 19:17:31.570967: Epoch 188
2026-05-30 19:17:31.571091: Current learning rate: 1e-05
2026-05-30 19:21:03.346126: train_loss -0.7616
2026-05-30 19:21:03.346436: val_loss -0.5877
2026-05-30 19:21:03.346553: Pseudo dice [0.672, 0.7924, 0.6911]
2026-05-30 19:21:03.346658: Epoch time: 211.78 s
2026-05-30 19:21:04.545873: 
2026-05-30 19:21:04.546188: Epoch 189
2026-05-30 19:21:04.546355: Current learning rate: 1e-05
2026-05-30 19:24:36.452800: train_loss -0.7674
2026-05-30 19:24:36.453022: val_loss -0.6221
2026-05-30 19:24:36.453129: Pseudo dice [0.6964, 0.8098, 0.716]
2026-05-30 19:24:36.453228: Epoch time: 211.91 s
2026-05-30 19:24:37.631716: 
2026-05-30 19:24:37.631899: Epoch 190
2026-05-30 19:24:37.632017: Current learning rate: 1e-05
2026-05-30 19:28:09.562794: train_loss -0.766
2026-05-30 19:28:09.563091: val_loss -0.6097
2026-05-30 19:28:09.563200: Pseudo dice [0.6907, 0.8183, 0.6942]
2026-05-30 19:28:09.563315: Epoch time: 211.93 s
2026-05-30 19:28:10.752915: 
2026-05-30 19:28:10.753097: Epoch 191
2026-05-30 19:28:10.753231: Current learning rate: 1e-05
2026-05-30 19:31:42.537051: train_loss -0.7653
2026-05-30 19:31:42.537350: val_loss -0.6185
2026-05-30 19:31:42.537462: Pseudo dice [0.6999, 0.8211, 0.6785]
2026-05-30 19:31:42.537561: Epoch time: 211.79 s
2026-05-30 19:31:43.728472: 
2026-05-30 19:31:43.728644: Epoch 192
2026-05-30 19:31:43.728763: Current learning rate: 1e-05
2026-05-30 19:35:15.728201: train_loss -0.7666
2026-05-30 19:35:15.728463: val_loss -0.6225
2026-05-30 19:35:15.728573: Pseudo dice [0.6908, 0.8053, 0.7165]
2026-05-30 19:35:15.728669: Epoch time: 212.0 s
2026-05-30 19:35:17.028466: 
2026-05-30 19:35:17.028814: Epoch 193
2026-05-30 19:35:17.028994: Current learning rate: 0.0
2026-05-30 19:38:48.755041: train_loss -0.7622
2026-05-30 19:38:48.755337: val_loss -0.6081
2026-05-30 19:38:48.755445: Pseudo dice [0.6964, 0.8109, 0.6776]
2026-05-30 19:38:48.755543: Epoch time: 211.73 s
2026-05-30 19:38:50.095996: 
2026-05-30 19:38:50.096173: Epoch 194
2026-05-30 19:38:50.096295: Current learning rate: 0.0
2026-05-30 19:42:21.870659: train_loss -0.7614
2026-05-30 19:42:21.871380: val_loss -0.6102
2026-05-30 19:42:21.871505: Pseudo dice [0.7019, 0.811, 0.7115]
2026-05-30 19:42:21.871611: Epoch time: 211.78 s
2026-05-30 19:42:21.871688: Yayy! New best EMA pseudo Dice: 0.734
2026-05-30 19:42:23.236552: 
2026-05-30 19:42:23.236806: Epoch 195
2026-05-30 19:42:23.236964: Current learning rate: 0.0
2026-05-30 19:45:55.004143: train_loss -0.7685
2026-05-30 19:45:55.004446: val_loss -0.6187
2026-05-30 19:45:55.004552: Pseudo dice [0.6896, 0.8067, 0.699]
2026-05-30 19:45:55.004652: Epoch time: 211.77 s
2026-05-30 19:45:56.193900: 
2026-05-30 19:45:56.194074: Epoch 196
2026-05-30 19:45:56.194187: Current learning rate: 0.0
2026-05-30 19:49:28.048170: train_loss -0.7728
2026-05-30 19:49:28.048512: val_loss -0.6194
2026-05-30 19:49:28.048620: Pseudo dice [0.6912, 0.8191, 0.6972]
2026-05-30 19:49:28.048733: Epoch time: 211.86 s
2026-05-30 19:49:29.274443: 
2026-05-30 19:49:29.274636: Epoch 197
2026-05-30 19:49:29.274754: Current learning rate: 0.0
2026-05-30 19:53:01.007665: train_loss -0.7616
2026-05-30 19:53:01.007946: val_loss -0.5923
2026-05-30 19:53:01.008051: Pseudo dice [0.6838, 0.8046, 0.7]
2026-05-30 19:53:01.008296: Epoch time: 211.73 s
2026-05-30 19:53:02.199155: 
2026-05-30 19:53:02.199334: Epoch 198
2026-05-30 19:53:02.199451: Current learning rate: 0.0
2026-05-30 19:56:34.149803: train_loss -0.7685
2026-05-30 19:56:34.150226: val_loss -0.6492
2026-05-30 19:56:34.150351: Pseudo dice [0.6914, 0.8163, 0.7331]
2026-05-30 19:56:34.150464: Epoch time: 211.95 s
2026-05-30 19:56:34.150545: Yayy! New best EMA pseudo Dice: 0.7349
2026-05-30 19:56:35.539840: 
2026-05-30 19:56:35.540020: Epoch 199
2026-05-30 19:56:35.540139: Current learning rate: 0.0
2026-05-30 20:00:07.362837: train_loss -0.7665
2026-05-30 20:00:07.363425: val_loss -0.6416
2026-05-30 20:00:07.363547: Pseudo dice [0.7105, 0.822, 0.7186]
2026-05-30 20:00:07.363650: Epoch time: 211.82 s
2026-05-30 20:00:07.363729: Yayy! New best EMA pseudo Dice: 0.7364
2026-05-30 20:00:08.937201: Training done.
2026-05-30 20:00:08.961005: Using splits from existing split file: /gpfs/home1/yhussein/LightM-UNet/data/nnUNet_preprocessed/Dataset501_ARCADE/splits_final.json
2026-05-30 20:00:08.961825: The split file contains 1 splits.
2026-05-30 20:00:08.961930: Desired fold for training: 0
2026-05-30 20:00:08.961987: This split has 1000 training and 200 validation cases.
2026-05-30 20:00:08.964405: predicting val_1
2026-05-30 20:00:09.976421: predicting val_10
2026-05-30 20:00:10.154991: predicting val_100
2026-05-30 20:00:10.334080: predicting val_101
2026-05-30 20:00:10.511278: predicting val_102
2026-05-30 20:00:10.689213: predicting val_103
2026-05-30 20:00:10.867024: predicting val_104
2026-05-30 20:00:11.046355: predicting val_105
2026-05-30 20:00:11.225407: predicting val_106
2026-05-30 20:00:11.403229: predicting val_107
2026-05-30 20:00:15.191592: predicting val_108
2026-05-30 20:00:15.378866: predicting val_109
2026-05-30 20:00:15.559556: predicting val_11
2026-05-30 20:00:15.738776: predicting val_110
2026-05-30 20:00:15.917929: predicting val_111
2026-05-30 20:00:16.097982: predicting val_112
2026-05-30 20:00:16.275756: predicting val_113
2026-05-30 20:00:16.455064: predicting val_114
2026-05-30 20:00:16.634330: predicting val_115
2026-05-30 20:00:16.813440: predicting val_116
2026-05-30 20:00:16.993831: predicting val_117
2026-05-30 20:00:17.173471: predicting val_118
2026-05-30 20:00:17.354786: predicting val_119
2026-05-30 20:00:17.537172: predicting val_12
2026-05-30 20:00:17.719956: predicting val_120
2026-05-30 20:00:17.900453: predicting val_121
2026-05-30 20:00:18.079421: predicting val_122
2026-05-30 20:00:18.258618: predicting val_123
2026-05-30 20:00:18.437754: predicting val_124
2026-05-30 20:00:18.617633: predicting val_125
2026-05-30 20:00:18.797417: predicting val_126
2026-05-30 20:00:18.977726: predicting val_127
2026-05-30 20:00:19.156653: predicting val_128
2026-05-30 20:00:19.335678: predicting val_129
2026-05-30 20:00:19.514606: predicting val_13
2026-05-30 20:00:19.695117: predicting val_130
2026-05-30 20:00:19.874166: predicting val_131
2026-05-30 20:00:20.053644: predicting val_132
2026-05-30 20:00:20.232833: predicting val_133
2026-05-30 20:00:20.411310: predicting val_134
2026-05-30 20:00:20.590822: predicting val_135
2026-05-30 20:00:20.769674: predicting val_136
2026-05-30 20:00:20.949272: predicting val_137
2026-05-30 20:00:21.127416: predicting val_138
2026-05-30 20:00:21.306045: predicting val_139
2026-05-30 20:00:21.483544: predicting val_14
2026-05-30 20:00:21.663537: predicting val_140
2026-05-30 20:00:21.842367: predicting val_141
2026-05-30 20:00:22.020194: predicting val_142
2026-05-30 20:00:22.199305: predicting val_143
2026-05-30 20:00:22.377003: predicting val_144
2026-05-30 20:00:22.555022: predicting val_145
2026-05-30 20:00:22.733656: predicting val_146
2026-05-30 20:00:22.912583: predicting val_147
2026-05-30 20:00:23.092730: predicting val_148
2026-05-30 20:00:23.271448: predicting val_149
2026-05-30 20:00:23.449511: predicting val_15
2026-05-30 20:00:23.629635: predicting val_150
2026-05-30 20:00:23.809379: predicting val_151
2026-05-30 20:00:23.989389: predicting val_152
2026-05-30 20:00:24.171028: predicting val_153
2026-05-30 20:00:24.348788: predicting val_154
2026-05-30 20:00:24.526793: predicting val_155
2026-05-30 20:00:24.705689: predicting val_156
2026-05-30 20:00:24.883583: predicting val_157
2026-05-30 20:00:25.062696: predicting val_158
2026-05-30 20:00:25.242727: predicting val_159
2026-05-30 20:00:25.421620: predicting val_16
2026-05-30 20:00:25.600790: predicting val_160
2026-05-30 20:00:25.780449: predicting val_161
2026-05-30 20:00:25.958438: predicting val_162
2026-05-30 20:00:26.137422: predicting val_163
2026-05-30 20:00:26.317387: predicting val_164
2026-05-30 20:00:26.499337: predicting val_165
2026-05-30 20:00:26.676840: predicting val_166
2026-05-30 20:00:26.856924: predicting val_167
2026-05-30 20:00:27.037032: predicting val_168
2026-05-30 20:00:27.215683: predicting val_169
2026-05-30 20:00:27.393596: predicting val_17
2026-05-30 20:00:27.572804: predicting val_170
2026-05-30 20:00:27.751502: predicting val_171
2026-05-30 20:00:27.930507: predicting val_172
2026-05-30 20:00:28.110265: predicting val_173
2026-05-30 20:00:28.289148: predicting val_174
2026-05-30 20:00:28.466967: predicting val_175
2026-05-30 20:00:28.645686: predicting val_176
2026-05-30 20:00:28.825516: predicting val_177
2026-05-30 20:00:29.005627: predicting val_178
2026-05-30 20:00:29.185288: predicting val_179
2026-05-30 20:00:29.363274: predicting val_18
2026-05-30 20:00:29.542500: predicting val_180
2026-05-30 20:00:29.722288: predicting val_181
2026-05-30 20:00:29.900136: predicting val_182
2026-05-30 20:00:30.079372: predicting val_183
2026-05-30 20:00:30.258171: predicting val_184
2026-05-30 20:00:30.438547: predicting val_185
2026-05-30 20:00:30.617532: predicting val_186
2026-05-30 20:00:30.796124: predicting val_187
2026-05-30 20:00:30.974069: predicting val_188
2026-05-30 20:00:31.153355: predicting val_189
2026-05-30 20:00:31.332102: predicting val_19
2026-05-30 20:00:31.511673: predicting val_190
2026-05-30 20:00:31.691331: predicting val_191
2026-05-30 20:00:31.869972: predicting val_192
2026-05-30 20:00:32.049270: predicting val_193
2026-05-30 20:00:32.228891: predicting val_194
2026-05-30 20:00:32.408406: predicting val_195
2026-05-30 20:00:32.588345: predicting val_196
2026-05-30 20:00:32.765836: predicting val_197
2026-05-30 20:00:32.943799: predicting val_198
2026-05-30 20:00:33.122744: predicting val_199
2026-05-30 20:00:33.300730: predicting val_2
2026-05-30 20:00:33.479710: predicting val_20
2026-05-30 20:00:33.659570: predicting val_200
2026-05-30 20:00:33.838584: predicting val_21
2026-05-30 20:00:34.017747: predicting val_22
2026-05-30 20:00:34.199102: predicting val_23
2026-05-30 20:00:34.378242: predicting val_24
2026-05-30 20:00:34.557192: predicting val_25
2026-05-30 20:00:34.736082: predicting val_26
2026-05-30 20:00:34.916807: predicting val_27
2026-05-30 20:00:35.095412: predicting val_28
2026-05-30 20:00:35.273357: predicting val_29
2026-05-30 20:00:35.452238: predicting val_3
2026-05-30 20:00:35.631177: predicting val_30
2026-05-30 20:00:35.808776: predicting val_31
2026-05-30 20:00:35.986491: predicting val_32
2026-05-30 20:00:36.168671: predicting val_33
2026-05-30 20:00:36.346375: predicting val_34
2026-05-30 20:00:36.527149: predicting val_35
2026-05-30 20:00:36.709026: predicting val_36
2026-05-30 20:00:36.891741: predicting val_37
2026-05-30 20:00:37.075269: predicting val_38
2026-05-30 20:00:37.257597: predicting val_39
2026-05-30 20:00:37.441369: predicting val_4
2026-05-30 20:00:37.626692: predicting val_40
2026-05-30 20:00:37.809982: predicting val_41
2026-05-30 20:00:37.989125: predicting val_42
2026-05-30 20:00:38.168238: predicting val_43
2026-05-30 20:00:38.347095: predicting val_44
2026-05-30 20:00:38.526072: predicting val_45
2026-05-30 20:00:38.706271: predicting val_46
2026-05-30 20:00:38.885331: predicting val_47
2026-05-30 20:00:39.064389: predicting val_48
2026-05-30 20:00:39.244653: predicting val_49
2026-05-30 20:00:39.426017: predicting val_5
2026-05-30 20:00:39.607683: predicting val_50
2026-05-30 20:00:39.789300: predicting val_51
2026-05-30 20:00:39.971526: predicting val_52
2026-05-30 20:00:40.151289: predicting val_53
2026-05-30 20:00:40.330303: predicting val_54
2026-05-30 20:00:40.509395: predicting val_55
2026-05-30 20:00:40.688493: predicting val_56
2026-05-30 20:00:40.869387: predicting val_57
2026-05-30 20:00:41.048821: predicting val_58
2026-05-30 20:00:41.229751: predicting val_59
2026-05-30 20:00:41.408877: predicting val_6
2026-05-30 20:00:41.587993: predicting val_60
2026-05-30 20:00:41.766738: predicting val_61
2026-05-30 20:00:41.946199: predicting val_62
2026-05-30 20:00:42.126353: predicting val_63
2026-05-30 20:00:42.304790: predicting val_64
2026-05-30 20:00:42.483940: predicting val_65
2026-05-30 20:00:42.664706: predicting val_66
2026-05-30 20:00:42.843788: predicting val_67
2026-05-30 20:00:43.022738: predicting val_68
2026-05-30 20:00:43.200533: predicting val_69
2026-05-30 20:00:43.378704: predicting val_7
2026-05-30 20:00:43.557323: predicting val_70
2026-05-30 20:00:43.735230: predicting val_71
2026-05-30 20:00:43.915585: predicting val_72
2026-05-30 20:00:44.093549: predicting val_73
2026-05-30 20:00:44.271440: predicting val_74
2026-05-30 20:00:44.451291: predicting val_75
2026-05-30 20:00:44.631688: predicting val_76
2026-05-30 20:00:44.809752: predicting val_77
2026-05-30 20:00:44.988988: predicting val_78
2026-05-30 20:00:45.167292: predicting val_79
2026-05-30 20:00:45.346069: predicting val_8
2026-05-30 20:00:45.526326: predicting val_80
2026-05-30 20:00:45.705620: predicting val_81
2026-05-30 20:00:45.884361: predicting val_82
2026-05-30 20:00:46.062440: predicting val_83
2026-05-30 20:00:46.242400: predicting val_84
2026-05-30 20:00:46.422257: predicting val_85
2026-05-30 20:00:46.602348: predicting val_86
2026-05-30 20:00:46.782523: predicting val_87
2026-05-30 20:00:46.962507: predicting val_88
2026-05-30 20:00:47.140350: predicting val_89
2026-05-30 20:00:47.319649: predicting val_9
2026-05-30 20:00:47.498295: predicting val_90
2026-05-30 20:00:47.677305: predicting val_91
2026-05-30 20:00:47.855894: predicting val_92
2026-05-30 20:00:48.036768: predicting val_93
2026-05-30 20:00:48.217251: predicting val_94
2026-05-30 20:00:48.400790: predicting val_95
2026-05-30 20:00:48.577833: predicting val_96
2026-05-30 20:00:48.757279: predicting val_97
2026-05-30 20:00:48.935829: predicting val_98
2026-05-30 20:00:49.116157: predicting val_99
2026-05-30 20:00:53.668932: Validation complete
2026-05-30 20:00:53.669063: Mean Validation Dice:  0.6687634044126242
Training finished.
